\BOOKMARK [1][-]{Doc-Start}{\376\377\144\130\211\201}{}% 1
\BOOKMARK [1][-]{Doc-Start}{\376\377\000A\000b\000s\000t\000r\000a\000c\000t}{}% 2
\BOOKMARK [1][-]{section.1}{\376\377\176\352\213\272}{}% 3
\BOOKMARK [1][-]{section.2}{\376\377\172\340\202\202\176\323\147\204\155\113\213\325}{}% 4
\BOOKMARK [2][-]{subsection.2.1}{\376\377\134\017\202\202\150\007\230\230}{section.2}% 5
\BOOKMARK [3][-]{subsubsection.2.1.1}{\376\377\133\120\202\202\150\007\230\230}{subsection.2.1}% 6
\BOOKMARK [1][-]{section.3}{\376\377\133\232\164\006\173\111\163\257\130\203\155\113\213\325}{}% 7
\BOOKMARK [2][-]{subsection.3.1}{\376\377\177\026\123\367\163\257\130\203\116\016\116\015\177\026\123\367\163\257\130\203}{section.3}% 8
\BOOKMARK [3][-]{subsubsection.3.1.1}{\376\377\177\026\123\367\163\257\130\203}{subsection.3.1}% 9
\BOOKMARK [3][-]{subsubsection.3.1.2}{\376\377\145\340\177\026\123\367\163\257\130\203}{subsection.3.1}% 10
\BOOKMARK [1][-]{section.4}{\376\377\121\154\137\017\155\113\213\325}{}% 11
\BOOKMARK [2][-]{subsection.4.1}{\376\377\210\114\121\205\121\154\137\017}{section.4}% 12
\BOOKMARK [2][-]{subsection.4.2}{\376\377\145\164\210\114\121\154\137\017}{section.4}% 13
\BOOKMARK [2][-]{subsection.4.3}{\376\377\131\032\210\114\121\154\137\017}{section.4}% 14
\BOOKMARK [3][-]{subsubsection.4.3.1}{\376\377\000a\000l\000i\000g\000n\163\257\130\203}{subsection.4.3}% 15
\BOOKMARK [3][-]{subsubsection.4.3.2}{\376\377\000s\000p\000l\000i\000t\163\257\130\203\377\010\121\205\135\114\377\011}{subsection.4.3}% 16
\BOOKMARK [3][-]{subsubsection.4.3.3}{\376\377\136\046\131\047\142\354\123\367\166\204\131\032\210\114\121\154\137\017}{subsection.4.3}% 17
\BOOKMARK [2][-]{subsection.4.4}{\376\377\116\244\143\142\126\376}{section.4}% 18
\BOOKMARK [1][-]{section.5}{\376\377\210\150\116\016\126\376}{}% 19
\BOOKMARK [2][-]{subsection.5.1}{\376\377\210\150\150\074}{section.5}% 20
\BOOKMARK [2][-]{subsection.5.2}{\376\377\143\322\126\376}{section.5}% 21
\BOOKMARK [1][-]{section*.4}{\376\377\176\323\213\272}{}% 22
\BOOKMARK [1][-]{section*.5}{\376\377\123\302\200\003\145\207\163\056}{}% 23
\BOOKMARK [1][-]{section*.6}{\376\377\201\364\214\042}{}% 24
\BOOKMARK [1][-]{section*.6}{\376\377\226\104\137\125}{}% 25
