This is XeTeX, Version 3.14159265-2.6-0.99992 (TeX Live 2015/W32TeX) (preloaded format=xelatex 2018.1.1)  25 APR 2018 21:30
entering extended mode
 restricted \write18 enabled.
 %&-line parsing enabled.
**./abstract.tex
(./abstract.tex
LaTeX2e <2015/01/01>
Babel <3.9l> and hyphenation patterns for 79 languages loaded.

! LaTeX Error: File `paper_info.tex' not found.

Type X to quit or <RETURN> to proceed,
or enter new name. (Default extension: tex)

Enter file name: 
! Emergency stop.
<read *> 
         
l.3 \input{paper_info.tex}
                                                        %ÈÄöÂ∏∏‰Ω†‰∏çÈúÄË¶Å‰...
*** (cannot \read from terminal in nonstop modes)

 
Here is how much of TeX's memory you used:
 5 strings out of 493706
 58 string characters out of 6148914
 53323 words of memory out of 5000000
 3446 multiletter control sequences out of 15000+600000
 3640 words of font info for 14 fonts, out of 8000000 for 9000
 1328 hyphenation exceptions out of 8191
 7i,0n,3p,83b,12s stack positions out of 5000i,500n,10000p,200000b,80000s
No pages of output.
